SYS  system started at 2011-07-18 15:05:55.007715
1310997955035919:  MEM  created 2147483-Kb of 8-byte address space
1310997955035962:  MEM  created segment `text'	4194304..268435456
1310997955035980:  MEM  created segment `data'	268435456..2147483647
1310997955035995:  MEM  created segment `stack'	268435456..2147483647
1310997955036130:  API  created an api
1310997955036339:  INT  created `MIPS_I' interpreter
1310997955036436:  CPU  created a cpu
1310997955036453:  CPU  pc is register 0x21
SYS  initialized with no incidents
SYS  attached client `Cli'
SYS  detatched a client
SYS  system started at 2011-07-18 15:06:09.013799
1310997969042562:  MEM  created 2147483-Kb of 8-byte address space
1310997969042604:  MEM  created segment `text'	4194304..268435456
1310997969042622:  MEM  created segment `data'	268435456..2147483647
1310997969042639:  MEM  created segment `stack'	268435456..2147483647
1310997969042770:  API  created an api
1310997969042968:  INT  created `MIPS_I' interpreter
1310997969043065:  CPU  created a cpu
1310997969043082:  CPU  pc is register 0x21
SYS  initialized with no incidents
SYS  attached client `Cli'
SYS  `load' called by `Cli'
SYS  detatched a client
SYS  system started at 2011-07-18 15:06:41.840677
1310998001869269:  MEM  created 2147483-Kb of 8-byte address space
1310998001869312:  MEM  created segment `text'	4194304..268435456
1310998001869330:  MEM  created segment `data'	268435456..2147483647
1310998001869346:  MEM  created segment `stack'	268435456..2147483647
1310998001869485:  API  created an api
1310998001869721:  INT  created `MIPS_I' interpreter
1310998001869823:  CPU  created a cpu
1310998001869841:  CPU  pc is register 0x21
SYS  initialized with no incidents
SYS  attached client `Cli'
SYS  `load' called by `Cli'
SYS  detatched a client
SYS  system started at 2011-07-18 15:07:06.811628
1310998026840296:  MEM  created 2147483-Kb of 8-byte address space
1310998026840338:  MEM  created segment `text'	4194304..268435456
1310998026840356:  MEM  created segment `data'	268435456..2147483647
1310998026840372:  MEM  created segment `stack'	268435456..2147483647
1310998026840510:  API  created an api
1310998026840717:  INT  created `MIPS_I' interpreter
1310998026840814:  CPU  created a cpu
1310998026840831:  CPU  pc is register 0x21
SYS  initialized with no incidents
SYS  attached client `Cli'
SYS  `load' called by `Cli'
SYS  detatched a client
SYS  system started at 2011-07-18 15:09:28.043881
1310998168072522:  MEM  created 2147483-Kb of 8-byte address space
1310998168072568:  MEM  created segment `text'	4194304..268435456
1310998168072586:  MEM  created segment `data'	268435456..2147483647
1310998168072601:  MEM  created segment `stack'	268435456..2147483647
1310998168072735:  API  created an api
1310998168072946:  INT  created `MIPS_I' interpreter
1310998168073047:  CPU  created a cpu
1310998168073065:  CPU  pc is register 0x21
SYS  initialized with no incidents
SYS  attached client `Cli'
SYS  `load' called by `Cli'
SYS  detatched a client
SYS  system started at 2011-07-18 15:09:55.809435
1310998195838495:  MEM  created 2147483-Kb of 8-byte address space
1310998195838538:  MEM  created segment `text'	4194304..268435456
1310998195838555:  MEM  created segment `data'	268435456..2147483647
1310998195838571:  MEM  created segment `stack'	268435456..2147483647
1310998195838705:  API  created an api
1310998195838907:  INT  created `MIPS_I' interpreter
1310998195839005:  CPU  created a cpu
1310998195839021:  CPU  pc is register 0x21
SYS  initialized with no incidents
SYS  attached client `Cli'
SYS  `load' called by `Cli'
1310998198553819:  INT  reading file: add.asm
1310998198553908:  INT  entering preprocessor
1310998198554999:  INT  mapped label `main' to 0
1310998198555048:  INT  processed  addi  $t0, $zero, 2
1310998198555087:  INT  processed  addi  $t1, $zero, 2
1310998198555121:  INT  processed  add   $t0, $t0,  $t1
1310998198555155:  INT  processed  addi  $v0, $zero, 10
1310998198555188:  INT  processed  slt   $v0, $t0,  $t1
1310998198555211:  INT  leaving preprocessor
1310998198555232:  INT  entering linker
1310998198555295:  INT  leaving linker
1310998198555317:  INT  entering encoder
1310998198555344:  INT  matching `addi' instruction
1310998198556632:  INT  `rt' is $t0
1310998198556662:  INT  `rs' is $zero
1310998198556695:  INT  `im' is 2
1310998198556795:  INT  encoded 00100000000010000000000000000010
1310998198556825:  INT  matching `addi' instruction
1310998198556876:  INT  `rt' is $t1
1310998198556902:  INT  `rs' is $zero
1310998198556931:  INT  `im' is 2
1310998198557010:  INT  encoded 00100000000010010000000000000010
1310998198557040:  INT  matching `add' instruction
1310998198558211:  INT  `rd' is $t0
1310998198558242:  INT  `rs' is $t0
1310998198558267:  INT  `rt' is $t1
1310998198558365:  INT  encoded 00000001000010010100000000100000
1310998198558395:  INT  matching `addi' instruction
1310998198558446:  INT  `rt' is $v0
1310998198558472:  INT  `rs' is $zero
1310998198558502:  INT  `im' is 10
1310998198558579:  INT  encoded 00100000000000100000000000001010
1310998198558609:  INT  matching `slt' instruction
1310998198558657:  INT  `rd' is $v0
1310998198558683:  INT  `rs' is $t0
1310998198558707:  INT  `rt' is $t1
1310998198558799:  INT  encoded 00000001000010010001000000101010
1310998198558821:  INT  leaving encoder
1310998198558867:  MEM  memory cleared
1310998198558912:  MEM  stored 00100000000010000000000000000010 at 0x400000
1310998198558944:  MEM  stored 00100000000010010000000000000010 at 0x400001
1310998198558975:  MEM  stored 00000001000010010100000000100000 at 0x400002
1310998198559005:  MEM  stored 00100000000000100000000000001010 at 0x400003
1310998198559035:  MEM  stored 00000001000010010001000000101010 at 0x400004
1310998198559057:  MEM  loaded 5 word programme into memory
SYS  detatched a client
SYS  system started at 2011-07-18 15:11:23.631963
1310998283660864:  MEM  created 2147483-Kb of 8-byte address space
1310998283660908:  MEM  created segment `text'	4194304..268435456
1310998283660926:  MEM  created segment `data'	268435456..2147483647
1310998283660942:  MEM  created segment `stack'	268435456..2147483647
1310998283661082:  API  created an api
1310998283661299:  INT  created `MIPS_I' interpreter
1310998283661398:  CPU  created a cpu
1310998283661415:  CPU  pc is register 0x21
SYS  initialized with no incidents
SYS  attached client `Cli'
SYS  `load' called by `Cli'
SYS  detatched a client
SYS  system started at 2011-07-18 15:11:38.493221
1310998298521963:  MEM  created 2147483-Kb of 8-byte address space
1310998298522008:  MEM  created segment `text'	4194304..268435456
1310998298522026:  MEM  created segment `data'	268435456..2147483647
1310998298522042:  MEM  created segment `stack'	268435456..2147483647
1310998298522180:  API  created an api
1310998298522390:  INT  created `MIPS_I' interpreter
1310998298522490:  CPU  created a cpu
1310998298522508:  CPU  pc is register 0x21
SYS  initialized with no incidents
SYS  attached client `Cli'
SYS  `load' called by `Cli'
SYS  detatched a client
SYS  system started at 2011-07-18 15:13:25.724209
1310998405752924:  MEM  created 2147483-Kb of 8-byte address space
1310998405752968:  MEM  created segment `text'	4194304..268435456
1310998405752985:  MEM  created segment `data'	268435456..2147483647
1310998405753001:  MEM  created segment `stack'	268435456..2147483647
1310998405753142:  API  created an api
1310998405753349:  INT  created `MIPS_I' interpreter
1310998405753450:  CPU  created a cpu
1310998405753468:  CPU  pc is register 0x21
SYS  initialized with no incidents
SYS  attached client `Cli'
SYS  `load' called by `Cli'
SYS  detatched a client
SYS  system started at 2011-07-18 15:13:37.473177
1310998417502883:  MEM  created 2147483-Kb of 8-byte address space
1310998417502927:  MEM  created segment `text'	4194304..268435456
1310998417502944:  MEM  created segment `data'	268435456..2147483647
1310998417502960:  MEM  created segment `stack'	268435456..2147483647
1310998417503096:  API  created an api
1310998417503303:  INT  created `MIPS_I' interpreter
1310998417503404:  CPU  created a cpu
1310998417503422:  CPU  pc is register 0x21
SYS  initialized with no incidents
SYS  attached client `Cli'
SYS  `load' called by `Cli'
SYS  `load' called by `Cli'
1310998432945904:  INT  reading file: ../asm/add.asm
1310998432967085:  INT  entering preprocessor
1310998432968224:  INT  mapped label `main' to 0
1310998432968276:  INT  processed  addi  $t0, $zero, 2
1310998432968315:  INT  processed  addi  $t1, $zero, 2
1310998432968349:  INT  processed  add   $t0, $t0,  $t1
1310998432968384:  INT  processed  addi  $v0, $zero, 10
1310998432968408:  INT  leaving preprocessor
1310998432968430:  INT  entering linker
1310998432968488:  INT  leaving linker
1310998432968512:  INT  entering encoder
1310998432968540:  INT  matching `addi' instruction
1310998432969860:  INT  `rt' is $t0
1310998432969891:  INT  `rs' is $zero
1310998432969924:  INT  `im' is 2
1310998432970027:  INT  encoded 00100000000010000000000000000010
1310998432970057:  INT  matching `addi' instruction
1310998432970107:  INT  `rt' is $t1
1310998432970132:  INT  `rs' is $zero
1310998432970160:  INT  `im' is 2
1310998432970236:  INT  encoded 00100000000010010000000000000010
1310998432970265:  INT  matching `add' instruction
1310998432971359:  INT  `rd' is $t0
1310998432971390:  INT  `rs' is $t0
1310998432971415:  INT  `rt' is $t1
1310998432971514:  INT  encoded 00000001000010010100000000100000
1310998432971543:  INT  matching `addi' instruction
1310998432971593:  INT  `rt' is $v0
1310998432971618:  INT  `rs' is $zero
1310998432971647:  INT  `im' is 10
1310998432971733:  INT  encoded 00100000000000100000000000001010
1310998432971756:  INT  leaving encoder
1310998432971803:  MEM  memory cleared
1310998432971849:  MEM  stored 00100000000010000000000000000010 at 0x400000
1310998432971882:  MEM  stored 00100000000010010000000000000010 at 0x400001
1310998432971913:  MEM  stored 00000001000010010100000000100000 at 0x400002
1310998432971942:  MEM  stored 00100000000000100000000000001010 at 0x400003
1310998432971964:  MEM  loaded 4 word programme into memory
SYS  detatched a client
SYS  system started at 2011-07-18 15:19:19.171057
1310998759199751:  MEM  created 2147483-Kb of 8-byte address space
1310998759199799:  MEM  created segment `text'	4194304..268435456
1310998759199816:  MEM  created segment `data'	268435456..2147483647
1310998759199832:  MEM  created segment `stack'	268435456..2147483647
1310998759199964:  API  created an api
1310998759200163:  INT  created `MIPS_I' interpreter
1310998759200265:  CPU  created a cpu
1310998759200282:  CPU  pc is register 0x21
SYS  initialized with no incidents
SYS  attached client `Cli'
SYS  detatched a client
SYS  system started at 2011-07-18 15:20:14.038348
1310998814066718:  MEM  created 2147483-Kb of 8-byte address space
1310998814066765:  MEM  created segment `text'	4194304..268435456
1310998814066783:  MEM  created segment `data'	268435456..2147483647
1310998814066799:  MEM  created segment `stack'	268435456..2147483647
1310998814066932:  API  created an api
1310998814067147:  INT  created `MIPS_I' interpreter
1310998814067254:  CPU  created a cpu
1310998814067272:  CPU  pc is register 0x21
SYS  initialized with no incidents
SYS  attached client `Cli'
SYS  detatched a client
SYS  system started at 2011-07-18 15:20:27.522649
1310998827551481:  MEM  created 2147483-Kb of 8-byte address space
1310998827551525:  MEM  created segment `text'	4194304..268435456
1310998827551542:  MEM  created segment `data'	268435456..2147483647
1310998827551558:  MEM  created segment `stack'	268435456..2147483647
1310998827551688:  API  created an api
1310998827551894:  INT  created `MIPS_I' interpreter
1310998827551996:  CPU  created a cpu
1310998827552013:  CPU  pc is register 0x21
SYS  initialized with no incidents
SYS  attached client `Cli'
SYS  detatched a client
SYS  system started at 2011-07-18 15:21:28.038183
1310998888066961:  MEM  created 2147483-Kb of 8-byte address space
1310998888067006:  MEM  created segment `text'	4194304..268435456
1310998888067024:  MEM  created segment `data'	268435456..2147483647
1310998888067040:  MEM  created segment `stack'	268435456..2147483647
1310998888067177:  API  created an api
1310998888067399:  INT  created `MIPS_I' interpreter
1310998888067498:  CPU  created a cpu
1310998888067516:  CPU  pc is register 0x21
SYS  initialized with no incidents
SYS  attached client `Cli'
SYS  detatched a client
SYS  system started at 2011-07-18 15:21:49.829095
1310998909858187:  MEM  created 2147483-Kb of 8-byte address space
1310998909858231:  MEM  created segment `text'	4194304..268435456
1310998909858249:  MEM  created segment `data'	268435456..2147483647
1310998909858265:  MEM  created segment `stack'	268435456..2147483647
1310998909858410:  API  created an api
1310998909858615:  INT  created `MIPS_I' interpreter
1310998909858714:  CPU  created a cpu
1310998909858731:  CPU  pc is register 0x21
SYS  initialized with no incidents
SYS  attached client `Cli'
SYS  detatched a client
SYS  system started at 2011-07-18 15:22:15.986737
1310998936015995:  MEM  created 2147483-Kb of 8-byte address space
1310998936016040:  MEM  created segment `text'	4194304..268435456
1310998936016059:  MEM  created segment `data'	268435456..2147483647
1310998936016075:  MEM  created segment `stack'	268435456..2147483647
1310998936016209:  API  created an api
1310998936016416:  INT  created `MIPS_I' interpreter
1310998936016518:  CPU  created a cpu
1310998936016535:  CPU  pc is register 0x21
SYS  initialized with no incidents
SYS  attached client `Cli'
SYS  detatched a client
SYS  system started at 2011-07-18 15:22:34.914818
1310998954943492:  MEM  created 2147483-Kb of 8-byte address space
1310998954943537:  MEM  created segment `text'	4194304..268435456
1310998954943555:  MEM  created segment `data'	268435456..2147483647
1310998954943571:  MEM  created segment `stack'	268435456..2147483647
1310998954943718:  API  created an api
1310998954943942:  INT  created `MIPS_I' interpreter
1310998954944042:  CPU  created a cpu
1310998954944060:  CPU  pc is register 0x21
SYS  initialized with no incidents
SYS  attached client `Cli'
SYS  detatched a client
SYS  system started at 2011-07-18 15:23:01.556510
1310998981585635:  MEM  created 2147483-Kb of 8-byte address space
1310998981585679:  MEM  created segment `text'	4194304..268435456
1310998981585697:  MEM  created segment `data'	268435456..2147483647
1310998981585713:  MEM  created segment `stack'	268435456..2147483647
1310998981585851:  API  created an api
1310998981586067:  INT  created `MIPS_I' interpreter
1310998981586166:  CPU  created a cpu
1310998981586184:  CPU  pc is register 0x21
SYS  initialized with no incidents
SYS  attached client `Cli'
SYS  detatched a client
SYS  system started at 2011-07-18 15:23:17.749083
1310998997778091:  MEM  created 2147483-Kb of 8-byte address space
1310998997778135:  MEM  created segment `text'	4194304..268435456
1310998997778152:  MEM  created segment `data'	268435456..2147483647
1310998997778168:  MEM  created segment `stack'	268435456..2147483647
1310998997778306:  API  created an api
1310998997778512:  INT  created `MIPS_I' interpreter
1310998997778613:  CPU  created a cpu
1310998997778630:  CPU  pc is register 0x21
SYS  initialized with no incidents
SYS  attached client `Cli'
SYS  detatched a client
SYS  system started at 2011-07-18 15:30:31.904122
1310999431936180:  MEM  created 2147483-Kb of 8-byte address space
1310999431936231:  MEM  created segment `text'	4194304..268435456
1310999431936250:  MEM  created segment `data'	268435456..2147483647
1310999431936266:  MEM  created segment `stack'	268435456..2147483647
1310999431936413:  API  created an api
1310999431936941:  INT  created `MIPS_I' interpreter
1310999431937151:  CPU  created a cpu
1310999431937171:  CPU  pc is register 0x21
SYS  initialized with no incidents
SYS  attached client `Cli'
SYS  detatched a client
SYS  system started at 2011-07-18 15:33:24.995364
1310999605023811:  MEM  created 2147483-Kb of 8-byte address space
1310999605023854:  MEM  created segment `text'	4194304..268435456
1310999605023872:  MEM  created segment `data'	268435456..2147483647
1310999605023888:  MEM  created segment `stack'	268435456..2147483647
1310999605024021:  API  created an api
1310999605024238:  INT  created `MIPS_I' interpreter
1310999605024338:  CPU  created a cpu
1310999605024356:  CPU  pc is register 0x21
SYS  initialized with no incidents
SYS  attached client `Cli'
SYS  `step' called by `Cli'
1310999606437785:  CPU  beginning a cycle
1310999606437826:  CPU  entering fetch stage
1310999606437915:  MEM  loaded 00000000000000000000000000000000 from 0x400000
1310999606437948:  CPU  leaving fetch stage
1310999606437971:  CPU  entering decode stage
1310999606438015:  CPU  decode found dust in the pipeline
1310999606438037:  CPU  leaving decode stage
1310999606438057:  CPU  entering execute stage
1310999606438089:  CPU  execute found dust in the pipeline
1310999606438109:  CPU  leaving execute stage
1310999606438128:  CPU  entering writeback stage
1310999606438158:  CPU  leaving writeback stage
1310999606438219:  CPU  completing a cycle
1310999606438247:  CPU  beginning a cycle
1310999606438268:  CPU  entering fetch stage
1310999606438316:  MEM  loaded 00000000000000000000000000000000 from 0x400001
1310999606438346:  CPU  leaving fetch stage
1310999606438366:  CPU  entering decode stage
1310999606438396:  CPU  decoding 00000000000000000000000000000000
1310999606438520:  CPU  decoded `j' type instruction, nop
1310999606438545:  CPU  leaving decode stage
1310999606438565:  CPU  entering execute stage
1310999606438595:  CPU  execute found dust in the pipeline
1310999606438614:  CPU  leaving execute stage
1310999606438633:  CPU  entering writeback stage
1310999606438657:  CPU  leaving writeback stage
1310999606438699:  CPU  completing a cycle
1310999606438726:  CPU  beginning a cycle
1310999606438746:  CPU  entering fetch stage
1310999606438793:  MEM  loaded 00000000000000000000000000000000 from 0x400002
1310999606438822:  CPU  leaving fetch stage
1310999606438842:  CPU  entering decode stage
1310999606438872:  CPU  decoding 00000000000000000000000000000000
1310999606438986:  CPU  decoded `j' type instruction, nop
1310999606439009:  CPU  leaving decode stage
1310999606439029:  CPU  entering execute stage
1310999606439056:  CPU  executing 00000000000000000000000000000000
1310999606439087:  CPU  `im' is 0 (6:32)
1310999606439114:  CPU  `op' is 0 (0:6)
1310999606439161:  CPU  calling noop with []
1310999606439185:  API  noop called
1310999606439208:  CPU  leaving execute stage
1310999606439228:  CPU  entering writeback stage
1310999606439251:  CPU  leaving writeback stage
1310999606439294:  CPU  completing a cycle
1310999606439316:  CPU  beginning a cycle
1310999606439337:  CPU  entering fetch stage
1310999606439385:  MEM  loaded 00000000000000000000000000000000 from 0x400003
1310999606439414:  CPU  leaving fetch stage
1310999606439434:  CPU  entering decode stage
1310999606439464:  CPU  decoding 00000000000000000000000000000000
1310999606439578:  CPU  decoded `j' type instruction, nop
1310999606439601:  CPU  leaving decode stage
1310999606439620:  CPU  entering execute stage
1310999606439648:  CPU  executing 00000000000000000000000000000000
1310999606439678:  CPU  `im' is 0 (6:32)
1310999606439705:  CPU  `op' is 0 (0:6)
1310999606439735:  CPU  calling noop with []
1310999606439755:  API  noop called
1310999606439777:  CPU  leaving execute stage
1310999606439796:  CPU  entering writeback stage
1310999606439819:  CPU  leaving writeback stage
1310999606439860:  CPU  completing a cycle
SYS  `step' called by `Cli'
1310999612565797:  CPU  beginning a cycle
1310999612565840:  CPU  entering fetch stage
1310999612565922:  MEM  loaded 00000000000000000000000000000000 from 0x400004
1310999612565960:  CPU  leaving fetch stage
1310999612565982:  CPU  entering decode stage
1310999612566019:  CPU  decoding 00000000000000000000000000000000
1310999612566143:  CPU  decoded `j' type instruction, nop
1310999612566167:  CPU  leaving decode stage
1310999612566189:  CPU  entering execute stage
1310999612566217:  CPU  executing 00000000000000000000000000000000
1310999612566261:  CPU  `im' is 0 (6:32)
1310999612566290:  CPU  `op' is 0 (0:6)
1310999612566328:  CPU  calling noop with []
1310999612566351:  API  noop called
1310999612566374:  CPU  leaving execute stage
1310999612566394:  CPU  entering writeback stage
1310999612566418:  CPU  leaving writeback stage
1310999612566474:  CPU  completing a cycle
1310999612566497:  CPU  beginning a cycle
1310999612566517:  CPU  entering fetch stage
1310999612566566:  MEM  loaded 00000000000000000000000000000000 from 0x400005
1310999612566598:  CPU  leaving fetch stage
1310999612566618:  CPU  entering decode stage
1310999612566648:  CPU  decoding 00000000000000000000000000000000
1310999612566762:  CPU  decoded `j' type instruction, nop
1310999612566785:  CPU  leaving decode stage
1310999612566805:  CPU  entering execute stage
1310999612566831:  CPU  executing 00000000000000000000000000000000
1310999612566862:  CPU  `im' is 0 (6:32)
1310999612566889:  CPU  `op' is 0 (0:6)
1310999612566918:  CPU  calling noop with []
1310999612566938:  API  noop called
1310999612566961:  CPU  leaving execute stage
1310999612566980:  CPU  entering writeback stage
1310999612567004:  CPU  leaving writeback stage
1310999612567048:  CPU  completing a cycle
1310999612567070:  CPU  beginning a cycle
1310999612567106:  CPU  entering fetch stage
1310999612567154:  MEM  loaded 00000000000000000000000000000000 from 0x400006
1310999612567186:  CPU  leaving fetch stage
1310999612567206:  CPU  entering decode stage
1310999612567236:  CPU  decoding 00000000000000000000000000000000
1310999612567350:  CPU  decoded `j' type instruction, nop
1310999612567374:  CPU  leaving decode stage
1310999612567394:  CPU  entering execute stage
1310999612567420:  CPU  executing 00000000000000000000000000000000
1310999612567451:  CPU  `im' is 0 (6:32)
1310999612567477:  CPU  `op' is 0 (0:6)
1310999612567507:  CPU  calling noop with []
1310999612567526:  API  noop called
1310999612567549:  CPU  leaving execute stage
1310999612567569:  CPU  entering writeback stage
1310999612567592:  CPU  leaving writeback stage
1310999612567634:  CPU  completing a cycle
1310999612567656:  CPU  beginning a cycle
1310999612567677:  CPU  entering fetch stage
1310999612567724:  MEM  loaded 00000000000000000000000000000000 from 0x400007
1310999612567754:  CPU  leaving fetch stage
1310999612567774:  CPU  entering decode stage
1310999612567811:  CPU  decoding 00000000000000000000000000000000
1310999612567927:  CPU  decoded `j' type instruction, nop
1310999612567950:  CPU  leaving decode stage
1310999612567970:  CPU  entering execute stage
1310999612567997:  CPU  executing 00000000000000000000000000000000
1310999612568028:  CPU  `im' is 0 (6:32)
1310999612568054:  CPU  `op' is 0 (0:6)
1310999612568083:  CPU  calling noop with []
1310999612568102:  API  noop called
1310999612568125:  CPU  leaving execute stage
1310999612568145:  CPU  entering writeback stage
1310999612568167:  CPU  leaving writeback stage
1310999612568209:  CPU  completing a cycle
SYS  `cycle' called by `Cli'
1310999616093774:  CPU  beginning a cycle
1310999616093818:  CPU  entering fetch stage
1310999616093906:  MEM  loaded 00000000000000000000000000000000 from 0x400008
1310999616093931:  CPU  leaving fetch stage
1310999616093946:  CPU  entering decode stage
1310999616093971:  CPU  decoding 00000000000000000000000000000000
1310999616094056:  CPU  decoded `j' type instruction, nop
1310999616094072:  CPU  leaving decode stage
1310999616094086:  CPU  entering execute stage
1310999616094104:  CPU  executing 00000000000000000000000000000000
1310999616094125:  CPU  `im' is 0 (6:32)
1310999616094147:  CPU  `op' is 0 (0:6)
1310999616094183:  CPU  calling noop with []
1310999616094199:  API  noop called
1310999616094215:  CPU  leaving execute stage
1310999616094229:  CPU  entering writeback stage
1310999616094244:  CPU  leaving writeback stage
1310999616094285:  CPU  completing a cycle
SYS  `cycle' called by `Cli'
1310999622341768:  CPU  beginning a cycle
1310999622341812:  CPU  entering fetch stage
1310999622341894:  MEM  loaded 00000000000000000000000000000000 from 0x400009
1310999622341930:  CPU  leaving fetch stage
1310999622341952:  CPU  entering decode stage
1310999622341988:  CPU  decoding 00000000000000000000000000000000
1310999622342113:  CPU  decoded `j' type instruction, nop
1310999622342138:  CPU  leaving decode stage
1310999622342158:  CPU  entering execute stage
1310999622342186:  CPU  executing 00000000000000000000000000000000
1310999622342218:  CPU  `im' is 0 (6:32)
1310999622342244:  CPU  `op' is 0 (0:6)
1310999622342281:  CPU  calling noop with []
1310999622342304:  API  noop called
1310999622342326:  CPU  leaving execute stage
1310999622342345:  CPU  entering writeback stage
1310999622342368:  CPU  leaving writeback stage
1310999622342426:  CPU  completing a cycle
SYS  `evaluate' called by `Cli'
1310999757617746:  INT  reading line: sw pc,0($sp)

1310999757617791:  INT  entering preprocessor
1310999757618524:  INT  processed  sw pc,0($sp)
1310999757618553:  INT  leaving preprocessor
1310999757618575:  INT  entering linker
1310999757618609:  INT  leaving linker
1310999757618632:  INT  entering encoder
1310999757618660:  INT  matching `sw' instruction
SYS  detatched a client
SYS  system started at 2011-07-18 15:38:14.261664
1310999894290844:  MEM  created 2147483-Kb of 8-byte address space
1310999894290888:  MEM  created segment `text'	4194304..268435456
1310999894290906:  MEM  created segment `data'	268435456..2147483647
1310999894290922:  MEM  created segment `stack'	268435456..2147483647
1310999894291055:  API  created an api
1310999894291256:  INT  created `MIPS_I' interpreter
1310999894291356:  CPU  created a cpu
1310999894291373:  CPU  pc is register 0x21
SYS  initialized with no incidents
SYS  attached client `Cli'
SYS  detatched a client
